Progress: resolved 1, reused 0, downloaded 0, added 0
Progress: resolved 609, reused 559, downloaded 1, added 0
Ă”Ă‡Ă«WARNĂ”Ă‡Ă« 1 deprecated subdependencies found: three-mesh-bvh@0.7.8
Packages: +31 -23
+++++++++++++++++++++++++++++++-----------------------
Progress: resolved 615, reused 563, downloaded 5, added 15
Progress: resolved 615, reused 563, downloaded 6, added 31, done

dependencies:
- @react-three/drei 10.7.7
+ @react-three/drei 9.114.6 (10.7.7 is available)
- @react-three/fiber 9.5.0
+ @react-three/fiber 8.17.14 (9.5.0 is available)
- @react-three/rapier 2.2.0
+ @react-three/rapier 1.5.0 (2.2.0 is available)
- @types/three 0.183.1
+ @types/three 0.164.0 (0.183.1 is available)
- three 0.183.2
+ three 0.164.0 (0.183.2 is available)

Ă”Ă²Â¡ Warning Ă”Ă¶Ă‡Ă”Ă¶Ă‡Ă”Ă¶Ă‡Ă”Ă¶Ă‡Ă”Ă¶Ă‡Ă”Ă¶Ă‡Ă”Ă¶Ă‡Ă”Ă¶Ă‡Ă”Ă¶Ă‡Ă”Ă¶Ă‡Ă”Ă¶Ă‡Ă”Ă¶Ă‡Ă”Ă¶Ă‡Ă”Ă¶Ă‡Ă”Ă¶Ă‡Ă”Ă¶Ă‡Ă”Ă¶Ă‡Ă”Ă¶Ă‡Ă”Ă¶Ă‡Ă”Ă¶Ă‡Ă”Ă¶Ă‡Ă”Ă¶Ă‡Ă”Ă¶Ă‡Ă”Ă¶Ă‡Ă”Ă¶Ă‡Ă”Ă¶Ă‡Ă”Ă¶Ă‡Ă”Ă¶Ă‡Ă”Ă¶Ă‡Ă”Ă¶Ă‡Ă”Ă¶Ă‡Ă”Ă¶Ă‡Ă”Ă¶Ă‡Ă”Ă¶Ă‡Ă”Ă¶Ă‡Ă”Ă¶Ă‡Ă”Ă¶Ă‡Ă”Ă¶Ă‡Ă”Ă¶Ă‡Ă”Ă¶Ă‡Ă”Ă¶Ă‡Ă”Ă¶Ă‡Ă”Ă¶Ă‡Ă”Ă¶Ă‡Ă”Ă¶Ă‡Ă”Ă¶Ă‡Ă”Ă¶Ă‡Ă”Ă¶Ă‡Ă”Ă¶Ă‡Ă”Ă¶Ă‡Ă”Ă¶Ă‡Ă”Ă¶Ă‡Ă”Ă¶Ă‡Ă”Ă¶Ă‡Ă”Ă¶Ă‡Ă”Ă¶Ă‡Ă”Ă¶Ă‡Ă”Ă¶Ă‡Ă”Ă¶Ă‡Ă”Ă¶Ă‡Ă”Ă¶Ă‡Ă”Ă¶Ă‡Ă”Ă¶Ă‡Ă”Ă¶Ă‡Ă”Ă¶Ă‡Ă”Ă¶Ă‡Ă”Ă¶Ă‡Ă”Ă¶Ă‡Ă”Ă¶Ă‡Ă”Ă²Â«
Ă”Ă¶Ă©                                                                              Ă”Ă¶Ă©
Ă”Ă¶Ă©   Ignored build scripts: esbuild@0.25.10.                                    Ă”Ă¶Ă©
Ă”Ă¶Ă©   Run "pnpm approve-builds" to pick which dependencies should be allowed     Ă”Ă¶Ă©
Ă”Ă¶Ă©   to run scripts.                                                            Ă”Ă¶Ă©
Ă”Ă¶Ă©                                                                              Ă”Ă¶Ă©
Ă”Ă²â–‘Ă”Ă¶Ă‡Ă”Ă¶Ă‡Ă”Ă¶Ă‡Ă”Ă¶Ă‡Ă”Ă¶Ă‡Ă”Ă¶Ă‡Ă”Ă¶Ă‡Ă”Ă¶Ă‡Ă”Ă¶Ă‡Ă”Ă¶Ă‡Ă”Ă¶Ă‡Ă”Ă¶Ă‡Ă”Ă¶Ă‡Ă”Ă¶Ă‡Ă”Ă¶Ă‡Ă”Ă¶Ă‡Ă”Ă¶Ă‡Ă”Ă¶Ă‡Ă”Ă¶Ă‡Ă”Ă¶Ă‡Ă”Ă¶Ă‡Ă”Ă¶Ă‡Ă”Ă¶Ă‡Ă”Ă¶Ă‡Ă”Ă¶Ă‡Ă”Ă¶Ă‡Ă”Ă¶Ă‡Ă”Ă¶Ă‡Ă”Ă¶Ă‡Ă”Ă¶Ă‡Ă”Ă¶Ă‡Ă”Ă¶Ă‡Ă”Ă¶Ă‡Ă”Ă¶Ă‡Ă”Ă¶Ă‡Ă”Ă¶Ă‡Ă”Ă¶Ă‡Ă”Ă¶Ă‡Ă”Ă¶Ă‡Ă”Ă¶Ă‡Ă”Ă¶Ă‡Ă”Ă¶Ă‡Ă”Ă¶Ă‡Ă”Ă¶Ă‡Ă”Ă¶Ă‡Ă”Ă¶Ă‡Ă”Ă¶Ă‡Ă”Ă¶Ă‡Ă”Ă¶Ă‡Ă”Ă¶Ă‡Ă”Ă¶Ă‡Ă”Ă¶Ă‡Ă”Ă¶Ă‡Ă”Ă¶Ă‡Ă”Ă¶Ă‡Ă”Ă¶Ă‡Ă”Ă¶Ă‡Ă”Ă¶Ă‡Ă”Ă¶Ă‡Ă”Ă¶Ă‡Ă”Ă¶Ă‡Ă”Ă¶Ă‡Ă”Ă¶Ă‡Ă”Ă¶Ă‡Ă”Ă¶Ă‡Ă”Ă¶Ă‡Ă”Ă¶Ă‡Ă”Ă¶Ă‡Ă”Ă¶Ă‡Ă”Ă¶Ă‡Ă”Ă¶Ă‡Ă”Ă¶Ă‡Ă”Ă¶Ă‡Ă”Ă¶Ă‡Ă”Ă¶Ă‡Ă”Ă¶Ă‡Ă”Ă¶Ă‡Ă”Ă¶Ă‡Ă”Ă²Â»
Done in 2.8s using pnpm v10.30.2
