Traceback (most recent call last):
  File "C:\Users\Pencho\AppData\Roaming\Python\Python313\site-packages\sqlalchemy\engine\base.py", line 1967, in _exec_single_context
    self.dialect.do_execute(
    ~~~~~~~~~~~~~~~~~~~~~~~^
        cursor, str_statement, effective_parameters, context
        ^^^^^^^^^^^^^^^^^^^^^^^^^^^^^^^^^^^^^^^^^^^^^^^^^^^^
    )
    ^
  File "C:\Users\Pencho\AppData\Roaming\Python\Python313\site-packages\sqlalchemy\engine\default.py", line 952, in do_execute
    cursor.execute(statement, parameters)
    ~~~~~~~~~~~~~~^^^^^^^^^^^^^^^^^^^^^^^
psycopg2.errors.UndefinedColumn: no existe la columna ½location╗ en la relaci¾n ½property╗
LINE 3:             title, type, location, address, price, bedrooms,...
                                 ^


The above exception was the direct cause of the following exception:

Traceback (most recent call last):
  File "D:\Proyects\Ubica_proyect\ubica_v2\ubica-backend\fix_db.py", line 29, in <module>
    session.execute(text("""
    ~~~~~~~~~~~~~~~^^^^^^^^^
        INSERT INTO property (
        ^^^^^^^^^^^^^^^^^^^^^^
    ...<10 lines>...
        )
        ^
    """))
    ^^^^^
  File "C:\Users\Pencho\AppData\Roaming\Python\Python313\site-packages\sqlmodel\orm\session.py", line 136, in execute
    return super().execute(
           ~~~~~~~~~~~~~~~^
        statement,
        ^^^^^^^^^^
    ...<4 lines>...
        _add_event=_add_event,
        ^^^^^^^^^^^^^^^^^^^^^^
    )
    ^
  File "C:\Users\Pencho\AppData\Roaming\Python\Python313\site-packages\sqlalchemy\orm\session.py", line 2351, in execute
    return self._execute_internal(
           ~~~~~~~~~~~~~~~~~~~~~~^
        statement,
        ^^^^^^^^^^
    ...<4 lines>...
        _add_event=_add_event,
        ^^^^^^^^^^^^^^^^^^^^^^
    )
    ^
  File "C:\Users\Pencho\AppData\Roaming\Python\Python313\site-packages\sqlalchemy\orm\session.py", line 2258, in _execute_internal
    result = conn.execute(
        statement, params or {}, execution_options=execution_options
    )
  File "C:\Users\Pencho\AppData\Roaming\Python\Python313\site-packages\sqlalchemy\engine\base.py", line 1419, in execute
    return meth(
        self,
        distilled_parameters,
        execution_options or NO_OPTIONS,
    )
  File "C:\Users\Pencho\AppData\Roaming\Python\Python313\site-packages\sqlalchemy\sql\elements.py", line 527, in _execute_on_connection
    return connection._execute_clauseelement(
           ~~~~~~~~~~~~~~~~~~~~~~~~~~~~~~~~~^
        self, distilled_params, execution_options
        ^^^^^^^^^^^^^^^^^^^^^^^^^^^^^^^^^^^^^^^^^
    )
    ^
  File "C:\Users\Pencho\AppData\Roaming\Python\Python313\site-packages\sqlalchemy\engine\base.py", line 1641, in _execute_clauseelement
    ret = self._execute_context(
        dialect,
    ...<8 lines>...
        cache_hit=cache_hit,
    )
  File "C:\Users\Pencho\AppData\Roaming\Python\Python313\site-packages\sqlalchemy\engine\base.py", line 1846, in _execute_context
    return self._exec_single_context(
           ~~~~~~~~~~~~~~~~~~~~~~~~~^
        dialect, context, statement, parameters
        ^^^^^^^^^^^^^^^^^^^^^^^^^^^^^^^^^^^^^^^
    )
    ^
  File "C:\Users\Pencho\AppData\Roaming\Python\Python313\site-packages\sqlalchemy\engine\base.py", line 1986, in _exec_single_context
    self._handle_dbapi_exception(
    ~~~~~~~~~~~~~~~~~~~~~~~~~~~~^
        e, str_statement, effective_parameters, cursor, context
        ^^^^^^^^^^^^^^^^^^^^^^^^^^^^^^^^^^^^^^^^^^^^^^^^^^^^^^^
    )
    ^
  File "C:\Users\Pencho\AppData\Roaming\Python\Python313\site-packages\sqlalchemy\engine\base.py", line 2363, in _handle_dbapi_exception
    raise sqlalchemy_exception.with_traceback(exc_info[2]) from e
  File "C:\Users\Pencho\AppData\Roaming\Python\Python313\site-packages\sqlalchemy\engine\base.py", line 1967, in _exec_single_context
    self.dialect.do_execute(
    ~~~~~~~~~~~~~~~~~~~~~~~^
        cursor, str_statement, effective_parameters, context
        ^^^^^^^^^^^^^^^^^^^^^^^^^^^^^^^^^^^^^^^^^^^^^^^^^^^^
    )
    ^
  File "C:\Users\Pencho\AppData\Roaming\Python\Python313\site-packages\sqlalchemy\engine\default.py", line 952, in do_execute
    cursor.execute(statement, parameters)
    ~~~~~~~~~~~~~~^^^^^^^^^^^^^^^^^^^^^^^
sqlalchemy.exc.ProgrammingError: (psycopg2.errors.UndefinedColumn) no existe la columna ½location╗ en la relaci¾n ½property╗
LINE 3:             title, type, location, address, price, bedrooms,...
                                 ^

[SQL: 
        INSERT INTO property (
            title, type, location, address, price, bedrooms, bathrooms, area, 
            description, status, features, images, latitude, longitude, year_built, 
            energy_rating, orientation, owner_id, realtor_id, created_at, updated_at, purchase_price, total_cost, monthly_cost, monthly_income
        ) VALUES (
            '┴tico de Lujo con Vistas', 'APARTAMENTO', 'Centro de Murcia', 'Plaza Circular 5', 1800, 3, 2, 140, 
            'Espectacular ßtico cÚntrico, ideal para ejecutivos. Totalmente amueblado y equipado con electrodomÚsticos de alta gama.', 
            'for-rent', 
            '["Terraza 40m2", "Garaje incluido", "Aire Acondicionado central", "Dom¾tica"]'::jsonb, 
            '["/images/gen_apt_int.png", "/images/gen_apt_ext.png"]'::jsonb, 
            37.9922, -1.1307, 2021, 'A', 'Sur', 1, 2, NOW(), NOW(), 0, 0, 0, 0
        )
    ]
(Background on this error at: https://sqlalche.me/e/20/f405)
